ERROR 2026-04-20 13:46:13,199 log Internal Server Error: /admin/shop/flower/
Traceback (most recent call last):
  File "C:\Users\stupi\AppData\Roaming\Python\Python314\site-packages\django\core\handlers\exception.py", line 55, in inner
    response = get_response(request)
  File "C:\Users\stupi\AppData\Roaming\Python\Python314\site-packages\django\core\handlers\base.py", line 198, in _get_response
    response = wrapped_callback(request, *callback_args, **callback_kwargs)
  File "C:\Users\stupi\AppData\Roaming\Python\Python314\site-packages\django\contrib\admin\options.py", line 711, in wrapper
    return self.admin_site.admin_view(view)(*args, **kwargs)
           ~~~~~~~~~~~~~~~~~~~~~~~~~~~~~~~~^^^^^^^^^^^^^^^^^
  File "C:\Users\stupi\AppData\Roaming\Python\Python314\site-packages\django\utils\decorators.py", line 192, in _view_wrapper
    result = _process_exception(request, e)
  File "C:\Users\stupi\AppData\Roaming\Python\Python314\site-packages\django\utils\decorators.py", line 190, in _view_wrapper
    response = view_func(request, *args, **kwargs)
  File "C:\Users\stupi\AppData\Roaming\Python\Python314\site-packages\django\views\decorators\cache.py", line 80, in _view_wrapper
    response = view_func(request, *args, **kwargs)
  File "C:\Users\stupi\AppData\Roaming\Python\Python314\site-packages\django\contrib\admin\sites.py", line 247, in inner
    return view(request, *args, **kwargs)
  File "C:\Users\stupi\AppData\Roaming\Python\Python314\site-packages\django\utils\decorators.py", line 48, in _wrapper
    return bound_method(*args, **kwargs)
  File "C:\Users\stupi\AppData\Roaming\Python\Python314\site-packages\django\utils\decorators.py", line 192, in _view_wrapper
    result = _process_exception(request, e)
  File "C:\Users\stupi\AppData\Roaming\Python\Python314\site-packages\django\utils\decorators.py", line 190, in _view_wrapper
    response = view_func(request, *args, **kwargs)
  File "C:\Users\stupi\AppData\Roaming\Python\Python314\site-packages\django\contrib\admin\options.py", line 2112, in changelist_view
    action_form.fields["action"].choices = self.get_action_choices(request)
                                           ~~~~~~~~~~~~~~~~~~~~~~~^^^^^^^^^
  File "C:\Users\stupi\AppData\Roaming\Python\Python314\site-packages\django\contrib\admin\options.py", line 1056, in get_action_choices
    choice = (name, description % model_format_dict(self.opts))
                    ~~~~~~~~~~~~^~~~~~~~~~~~~~~~~~~~~~~~~~~~~~
ValueError: incomplete format
ERROR 2026-04-20 13:46:13,207 log "GET /admin/shop/flower/ HTTP/1.1" 500 122407
